C51 COMPILER V9.54   DELAY                                                                 05/01/2021 18:20:46 PAGE 1   


C51 COMPILER V9.54, COMPILATION OF MODULE DELAY
OBJECT MODULE PLACED IN .\Objects\delay.obj
COMPILER INVOKED BY: C:\Program Files (x86)\Keil_v5\C51\BIN\C51.EXE delay.c OPTIMIZE(8,SPEED) BROWSE DEBUG OBJECTEXTEND 
                    -PRINT(.\Listings\delay.lst) TABS(2) OBJECT(.\Objects\delay.obj)

line level    source

   1          #include "delay.h"
   2          /*------------------------------------------------
   3           uS延时函数，含有输入参数 unsigned char t，无返回值
   4           unsigned char 是定义无符号字符变量，其值的范围是
   5           0~255 这里使用晶振12M，精确延时请使用汇编,大致延时
   6           长度如下 T=tx2+5 uS 
   7          ------------------------------------------------*/
   8          void DelayUs2x(unsigned char t)
   9          {   
  10   1       while(--t);
  11   1      }
  12          /*------------------------------------------------
  13           mS延时函数，含有输入参数 unsigned char t，无返回值
  14           unsigned char 是定义无符号字符变量，其值的范围是
  15           0~255 这里使用晶振12M，精确延时请使用汇编
  16          ------------------------------------------------*/
  17          void DelayMs(unsigned char t)
  18          {
  19   1           
  20   1       while(t--)
  21   1       {
  22   2           //大致延时1mS
  23   2           DelayUs2x(245);
  24   2         DelayUs2x(245);
  25   2       }
  26   1      }
  27          
  28          void delay_10us(unsigned int i)
  29          {
  30   1        unsigned char a, b, c;
  31   1        for (c = 0; c < i; c++)
  32   1        {
  33   2          for (b = 1; b > 0; b--)
  34   2          {
  35   3            for (a = 2; a > 0; a--);
  36   3          }
  37   2        }
  38   1      }


MODULE INFORMATION:   STATIC OVERLAYABLE
   CODE SIZE        =     45    ----
   CONSTANT SIZE    =   ----    ----
   XDATA SIZE       =   ----    ----
   PDATA SIZE       =   ----    ----
   DATA SIZE        =   ----    ----
   IDATA SIZE       =   ----    ----
   BIT SIZE         =   ----    ----
END OF MODULE INFORMATION.


C51 COMPILATION COMPLETE.  0 WARNING(S),  0 ERROR(S)
