C51 COMPILER V9.54   HCSR04                                                                05/06/2021 14:52:34 PAGE 1   


C51 COMPILER V9.54, COMPILATION OF MODULE HCSR04
OBJECT MODULE PLACED IN .\Objects\HCSR04.obj
COMPILER INVOKED BY: C:\Program Files (x86)\Keil_v5\C51\BIN\C51.EXE HCSR04.c OPTIMIZE(8,SPEED) BROWSE DEBUG OBJECTEXTEND
                    - PRINT(.\Listings\HCSR04.lst) TABS(2) OBJECT(.\Objects\HCSR04.obj)

line level    source

   1           #include <reg52.h>
   2           #include <stdio.h>
   3           #include <math.h>
   4           #include "delay.h"
   5           sbit TRIGL = P1^0 ;
   6           sbit ECHOL = P1^1 ;
   7           sbit TRIGF = P1^2 ;
   8           sbit ECHOF = P1^3 ;
   9           sbit TRIGR = P1^4 ;
  10           sbit ECHOR = P1^5 ;
  11           unsigned char DisTempData[16];
  12           /*------------------------------------------------
  13                              ???0???
  14          ------------------------------------------------*/
  15          void TIM0init()
  16          {
  17   1      
  18   1        TMOD|= 0x01;//???0????1
  19   1        TH0=0x00;    
  20   1        TL0=0x00; 
  21   1        ET0=1;
  22   1        EA=1;
  23   1      }
  24          
  25          
  26          /*------------------------------------------------
  27                           ????????
  28          ------------------------------------------------*/
  29          void Timer0_isr() interrupt 1
  30          {
  31   1       ECHOL=0;
  32   1        ECHOF=0;
  33   1      }


MODULE INFORMATION:   STATIC OVERLAYABLE
   CODE SIZE        =     18    ----
   CONSTANT SIZE    =   ----    ----
   XDATA SIZE       =   ----    ----
   PDATA SIZE       =   ----    ----
   DATA SIZE        =     16    ----
   IDATA SIZE       =   ----    ----
   BIT SIZE         =   ----    ----
END OF MODULE INFORMATION.


C51 COMPILATION COMPLETE.  0 WARNING(S),  0 ERROR(S)
