C51 COMPILER V9.54   IIC1602                                                               05/02/2021 16:02:27 PAGE 1   


C51 COMPILER V9.54, COMPILATION OF MODULE IIC1602
OBJECT MODULE PLACED IN .\Objects\iic1602.obj
COMPILER INVOKED BY: C:\Program Files (x86)\Keil_v5\C51\BIN\C51.EXE iic1602.c OPTIMIZE(8,SPEED) BROWSE DEBUG OBJECTEXTEN
                    -D PRINT(.\Listings\iic1602.lst) TABS(2) OBJECT(.\Objects\iic1602.obj)

line level    source

   1          #include "reg51.h"
   2          #include "delay.h"
   3          #include "string.h"
   4          /*****ÉùÃ÷******/
   5          sbit SCL=P2^0;
   6          sbit SDA=P2^1;
   7          void write_data(unsigned char DData);
   8          /*****¶¨Òå******/
   9          void I2cStart(void)
  10          {
  11   1        SDA = 1;
  12   1        delay_10us(1);
  13   1        SCL = 1;
  14   1        delay_10us(1);
  15   1        SDA = 0;
  16   1        delay_10us(1);
  17   1        SCL = 0;
  18   1        delay_10us(1);
  19   1      }
  20          
  21          void I2cStop(void)
  22          {
  23   1        SDA = 0;
  24   1        delay_10us(1);
  25   1        SCL = 1;
  26   1        delay_10us(1);
  27   1        SDA = 1;
  28   1        delay_10us(1);
  29   1      }
  30          
  31          unsigned char I2cSendByte(unsigned char dat)
  32          {
  33   1        unsigned char a = 0, b = 0;
  34   1        for (a = 0; a < 8; a++)
  35   1        {
  36   2          SDA = dat >> 7;
  37   2          dat = dat << 1;
  38   2          delay_10us(1);
  39   2          SCL = 1;
  40   2          delay_10us(1);
  41   2          SCL = 0;
  42   2          delay_10us(1);
  43   2        }
  44   1        SDA = 1;
  45   1        delay_10us(1);
  46   1        SCL = 1;
  47   1        while (SDA)
  48   1        {
  49   2          b++;
  50   2          if (b > 200)
  51   2          {
  52   3            SCL = 0;
  53   3            delay_10us(1);
  54   3            return 0;
C51 COMPILER V9.54   IIC1602                                                               05/02/2021 16:02:27 PAGE 2   

  55   3          }
  56   2        }
  57   1        SCL = 0;
  58   1        delay_10us(1);
  59   1        return 1;
  60   1      }
  61          
  62          
  63          
  64          void write_cmd(unsigned char cmd)
  65          {
  66   1        I2cStart();
  67   1        I2cSendByte(0x7c);
  68   1        I2cSendByte(0x80);
  69   1        I2cSendByte(cmd);
  70   1        I2cStop();
  71   1      }
  72          
  73          void lcd_init(void)
  74          {
  75   1        write_cmd(0X38);
  76   1        write_cmd(0x0c);
  77   1        write_cmd(0x01);
  78   1        DelayMs(2);
  79   1      }
  80          
  81          void dispaly(unsigned char X, unsigned char Y, unsigned char DData)
  82          {
  83   1        Y &= 0x1;
  84   1        X &= 0xF;
  85   1        if (Y)
  86   1          X |= 0x40;
  87   1        X |= 0x80;
  88   1        write_cmd(X);
  89   1        write_data(DData);
  90   1      }
  91          
  92          void write_data(unsigned char DData)
  93          {
  94   1        I2cStart();
  95   1        I2cSendByte(0x7c);
  96   1        I2cSendByte(DData);
  97   1        I2cSendByte(0x40);
  98   1        I2cSendByte(DData);
  99   1        I2cStop();
 100   1      }
 101          
 102          void dispaly_character(unsigned char X, unsigned char Y, unsigned char* Arry)
 103          {
 104   1        unsigned int i;
 105   1        unsigned int length1 = strlen(Arry);
 106   1      
 107   1        for (i = 0; i < length1; i++)
 108   1        {
 109   2          dispaly(X, Y, Arry[i]);
 110   2          X++;
 111   2          if (X > 16)
 112   2          {
 113   3            Y += 1;
 114   3            X = 0;
 115   3          }
 116   2        }
C51 COMPILER V9.54   IIC1602                                                               05/02/2021 16:02:27 PAGE 3   

 117   1      }
 118          


MODULE INFORMATION:   STATIC OVERLAYABLE
   CODE SIZE        =    348    ----
   CONSTANT SIZE    =   ----    ----
   XDATA SIZE       =   ----    ----
   PDATA SIZE       =   ----    ----
   DATA SIZE        =   ----      15
   IDATA SIZE       =   ----    ----
   BIT SIZE         =   ----    ----
END OF MODULE INFORMATION.


C51 COMPILATION COMPLETE.  0 WARNING(S),  0 ERROR(S)
