C51 COMPILER V9.54   MAIN                                                                  05/02/2021 15:10:09 PAGE 1   


C51 COMPILER V9.54, COMPILATION OF MODULE MAIN
OBJECT MODULE PLACED IN .\Objects\main.obj
COMPILER INVOKED BY: C:\Program Files (x86)\Keil_v5\C51\BIN\C51.EXE main.c OPTIMIZE(8,SPEED) BROWSE DEBUG OBJECTEXTEND P
                    -RINT(.\Listings\main.lst) TABS(2) OBJECT(.\Objects\main.obj)

line level    source

   1          #include "reg51.h"
   2          #include "string.h"
   3          #include "delay.h"
   4          #include "iic1602.h"
   5          #include "MatrixKey.h"
   6          #include "at24c02.h"
   7          unsigned char code redistance[] = " L___ F___ R___ ";
   8          
   9          unsigned char code safe[] = "    safe now    ";
  10          unsigned char code danger[] = "   danger now   ";
  11          unsigned char code setting[] = "   input dist   ";
  12          unsigned char code number[] = "0123456789";
  13          char setdistance[] = " L___ F___ R___ ",KeyNum = 10;
  14          int leftnumber, lbaiwei, lshiwei, lgewei,
  15              frontnumber, fbaiwei, fshiwei, fgewei,
  16              rightnumber, rbaiwei, rshiwei, rgewei,
  17          i, j, k, l; 
  18          int main()
  19          {
  20   1        k = 0;
  21   1        lcd_init();
  22   1        dispaly_character(0, 0, setting);
  23   1        dispaly_character(0, 1, redistance);
  24   1        while (1)
  25   1        {
  26   2          KeyNum = MatrixKey();
  27   2          /*save*/
  28   2          if (KeyNum == 11) 
  29   2          {
  30   3            ISendStr(0xA0, 0, setdistance, 16);
  31   3            j=k;
  32   3          }
  33   2          /*load*/
  34   2          if (KeyNum == 12) 
  35   2          {
  36   3            IRcvStr(0xA0,0,setdistance,16);
  37   3            dispaly_character(0, 1, setdistance);
  38   3            k = j;
  39   3          }
  40   2          /*set distance*/
  41   2          if (KeyNum == 13) 
  42   2          {
  43   3            k++;
  44   3            if (k == 1)
  45   3            {
  46   4              for (i = 2; i < 5;)
  47   4              {
  48   5                KeyNum = MatrixKey();
  49   5                if (KeyNum < 10)
  50   5                {
  51   6                  if (i == 0)
  52   6                  {
  53   7                    lbaiwei = MatrixKey() * 100;
  54   7                  }
C51 COMPILER V9.54   MAIN                                                                  05/02/2021 15:10:09 PAGE 2   

  55   6                  if (i == 1)
  56   6                  {
  57   7                    lshiwei = MatrixKey() * 10;
  58   7                  }
  59   6                  if (i == 2)
  60   6                  {
  61   7                    lgewei = MatrixKey();
  62   7                  }
  63   6                  leftnumber = lbaiwei + lshiwei + lgewei;
  64   6                  setdistance[i] = number[KeyNum];
  65   6                  dispaly_character(0, 1, setdistance);
  66   6                  i++;
  67   6                }
  68   5              }
  69   4            }
  70   3      
  71   3            if (k == 2)
  72   3            {
  73   4              for (i =7 ; i < 10;)
  74   4              {
  75   5                KeyNum = MatrixKey();
  76   5                if (KeyNum < 10)
  77   5                {
  78   6                  if (i == 0)
  79   6                  {
  80   7                    fbaiwei = MatrixKey() * 100;
  81   7                  }
  82   6                  if (i == 1)
  83   6                  {
  84   7                    fshiwei = MatrixKey() * 10;
  85   7                  }
  86   6                  if (i == 2)
  87   6                  {
  88   7                    fgewei = MatrixKey();
  89   7                  }
  90   6                  frontnumber = fbaiwei + fshiwei + fgewei;
  91   6                  setdistance[i] = number[KeyNum];
  92   6                  dispaly_character(0, 1, setdistance);
  93   6                  i++;
  94   6                }
  95   5              }
  96   4            }
  97   3      
  98   3            if (k == 3)
  99   3            {
 100   4              for (i =12; i < 15;)
 101   4              {
 102   5                KeyNum = MatrixKey();
 103   5                if (KeyNum < 10)
 104   5                {
 105   6                  if (i == 0)
 106   6                  {
 107   7                    rbaiwei = MatrixKey() * 100;
 108   7                  }
 109   6                  if (i == 1)
 110   6                  {
 111   7                    rshiwei = MatrixKey() * 10;
 112   7                  }
 113   6                  if (i == 2)
 114   6                  {
 115   7                    rgewei = MatrixKey();
 116   7                  }
C51 COMPILER V9.54   MAIN                                                                  05/02/2021 15:10:09 PAGE 3   

 117   6                  rightnumber = rbaiwei + rshiwei + rgewei;
 118   6                  setdistance[i] = number[KeyNum];
 119   6                  dispaly_character(0, 1, setdistance);
 120   6                  i++;
 121   6                }
 122   5              }
 123   4              k = 0;
 124   4            }
 125   3      
 126   3      
 127   3      
 128   3      
 129   3          }
 130   2        
 131   2        }
 132   1        return 0;
 133   1      }
*** WARNING C316 IN LINE 133 OF main.c: unterminated conditionals
*** WARNING C294 IN LINE 132 OF main.c: unreachable code


MODULE INFORMATION:   STATIC OVERLAYABLE
   CODE SIZE        =    643    ----
   CONSTANT SIZE    =     79    ----
   XDATA SIZE       =   ----    ----
   PDATA SIZE       =   ----    ----
   DATA SIZE        =     50    ----
   IDATA SIZE       =   ----    ----
   BIT SIZE         =   ----    ----
END OF MODULE INFORMATION.


C51 COMPILATION COMPLETE.  2 WARNING(S),  0 ERROR(S)
