C51 COMPILER V9.54   MATRIXKEY                                                             05/01/2021 18:20:46 PAGE 1   


C51 COMPILER V9.54, COMPILATION OF MODULE MATRIXKEY
OBJECT MODULE PLACED IN .\Objects\MatrixKey.obj
COMPILER INVOKED BY: C:\Program Files (x86)\Keil_v5\C51\BIN\C51.EXE MatrixKey.c OPTIMIZE(8,SPEED) BROWSE DEBUG OBJECTEXT
                    -END PRINT(.\Listings\MatrixKey.lst) TABS(2) OBJECT(.\Objects\MatrixKey.obj)

line level    source

   1          #include <REGX52.H>
   2          unsigned char MatrixKey()
   3          { 
   4   1        unsigned char KeyNumber=10;
   5   1        while(1)
   6   1        {
   7   2        P1=0xFF;
   8   2        P1_3=0;
   9   2        if(P1_7==0){while(P1_7==0);return 1;}
  10   2        if(P1_6==0){while(P1_6==0);return 4;}
  11   2        if(P1_5==0){while(P1_5==0);return 7;}
  12   2        if(P1_4==0){while(P1_4==0);return 11;} /*save*/
  13   2        
  14   2        P1=0xFF;
  15   2        P1_2=0;
  16   2        if(P1_7==0){while(P1_7==0);return 2;}
  17   2        if(P1_6==0){while(P1_6==0);return 5;}
  18   2        if(P1_5==0){while(P1_5==0);return 8;}
  19   2        if(P1_4==0){while(P1_4==0);return 0;}
  20   2        
  21   2        P1=0xFF;
  22   2        P1_1=0;
  23   2        if(P1_7==0){while(P1_7==0);return 3; }
  24   2        if(P1_6==0){while(P1_6==0);return 6; }
  25   2        if(P1_5==0){while(P1_5==0);return 9; }
  26   2        if(P1_4==0){while(P1_4==0);return 12;}/*load*/
  27   2        P1=0xFF;
  28   2        P1_0=0;
  29   2        if(P1_7==0){while(P1_7==0);return 13;} //left
  30   2        if(P1_6==0){while(P1_6==0);return 14;} //front
  31   2        if(P1_5==0){while(P1_5==0);return 15;} //right
  32   2        P1=0xFF;
  33   2        return KeyNumber;
  34   2      }
  35   1      }


MODULE INFORMATION:   STATIC OVERLAYABLE
   CODE SIZE        =    161    ----
   CONSTANT SIZE    =   ----    ----
   XDATA SIZE       =   ----    ----
   PDATA SIZE       =   ----    ----
   DATA SIZE        =   ----    ----
   IDATA SIZE       =   ----    ----
   BIT SIZE         =   ----    ----
END OF MODULE INFORMATION.


C51 COMPILATION COMPLETE.  0 WARNING(S),  0 ERROR(S)
