C51 COMPILER V9.60.0.0   KEYDOUS                                                           07/01/2021 00:49:04 PAGE 1   


C51 COMPILER V9.60.0.0, COMPILATION OF MODULE KEYDOUS
OBJECT MODULE PLACED IN .\Objects\keydous.obj
COMPILER INVOKED BY: D:\Program Files\tools\Keil_v5\C51\BIN\C51.EXE keydous.c OPTIMIZE(8,SPEED) BROWSE DEBUG OBJECTEXTEN
                    -D PRINT(.\Listings\keydous.lst) TABS(2) OBJECT(.\Objects\keydous.obj)

line level    source

   1          #include <REGX52.H>
   2          #include "s1602.h"
   3          #include "delay.h"
   4          #include "string.h"
   5          #include "MatrixKey.h"
   6          
   7          int leftnumber, backnumber, rightnumber;
   8          unsigned char code studentid[] = "0123456789";
   9          int KeyNum;
  10          extern int i, j, k = 0;
  11          void keydous()
  12          {
  13   1      #if 0
                /*------------------------------------------------
                    at24c02¥Ê»°
                ------------------------------------------------*/
              
                if (KeyNum == 11)
                {
                  ISendStr(0xA0, 0, leftnumber, 4);
                  ISendStr(0xA0, 4, backnumber, 4);
                  ISendStr(0xA0, 8, rightnumber, 4);
                }
                if (KeyNum == 12)
                {
                  IRcvStr(0xA0, 0, leftnumber, 4);
                  IRcvStr(0xA0, 4, backnumber, 4);
                  IRcvStr(0xA0, 8, rightnumber, 4);
                  k = 4;
                }
              #endif
  32   1        /*------------------------------------------------
  33   1                     ?????????1602???
  34   1        ------------------------------------------------*/
  35   1        while (k < 3)
  36   1        {
  37   2          if (k == 0)
  38   2          {
  39   3            LCD_Write_String(0, 1, " L___ B___ R___ ");
  40   3          }
  41   2          LCD_Write_String(0, 0, "   input dist   ");
  42   2          KeyNum = MatrixKey();
  43   2          if (KeyNum == 13)
  44   2          {
  45   3            if (k == 4)
  46   3            {
  47   4              k = 0;
  48   4            }
  49   3            k++;
  50   3            switch (k)
  51   3            {
  52   4            case 1:
  53   4              for (i = 2; i < 5;)
  54   4              {
C51 COMPILER V9.60.0.0   KEYDOUS                                                           07/01/2021 00:49:04 PAGE 2   

  55   5                KeyNum = MatrixKey();
  56   5                switch (i)
  57   5                {
  58   6                case 2:
  59   6                  if (KeyNum >= 0 && KeyNum < 10)
  60   6                    leftnumber += (KeyNum * 100);
  61   6                  break;
  62   6                case 3:
  63   6                  if (KeyNum >= 0 && KeyNum < 10)
  64   6                    leftnumber += (KeyNum * 10);
  65   6                  break;
  66   6                case 4:
  67   6                  if (KeyNum >= 0 && KeyNum < 10)
  68   6                    leftnumber += (KeyNum);
  69   6                  break;
  70   6                }
  71   5      
  72   5                if (KeyNum < 10)
  73   5                {
  74   6                  LCD_Write_Char(i, 1, studentid[KeyNum]);
  75   6                  i++;
  76   6                }
  77   5                DelayMs(50);
  78   5              }
  79   4              break;
  80   4      
  81   4            case 2:
  82   4              for (i = 7; i < 10;)
  83   4              {
  84   5                KeyNum = MatrixKey();
  85   5                switch (i)
  86   5                {
  87   6                case 7:
  88   6                  if (KeyNum >= 0 && KeyNum < 10)
  89   6                    backnumber += (KeyNum * 100);
  90   6                  break;
  91   6                case 8:
  92   6                  if (KeyNum >= 0 && KeyNum < 10)
  93   6                    backnumber += (KeyNum * 10);
  94   6                  break;
  95   6                case 9:
  96   6                  if (KeyNum >= 0 && KeyNum < 10)
  97   6                    backnumber += (KeyNum);
  98   6                  break;
  99   6                }
 100   5                if (KeyNum < 10)
 101   5                {
 102   6                  LCD_Write_Char(i, 1, studentid[KeyNum]);
 103   6                  i++;
 104   6                }
 105   5                DelayMs(50);
 106   5              }
 107   4              break;
 108   4            case 3:
 109   4              k = 4;
 110   4              for (i = 12; i < 15;)
 111   4              {
 112   5                KeyNum = MatrixKey();
 113   5                switch (i)
 114   5                {
 115   6                case 12:
 116   6                  if (KeyNum >= 0 && KeyNum < 10)
C51 COMPILER V9.60.0.0   KEYDOUS                                                           07/01/2021 00:49:04 PAGE 3   

 117   6                    rightnumber += (KeyNum * 100);
 118   6                  break;
 119   6                case 13:
 120   6                  if (KeyNum >= 0 && KeyNum < 10)
 121   6                    rightnumber += (KeyNum * 10);
 122   6                  break;
 123   6                case 14:
 124   6                  if (KeyNum >= 0 && KeyNum < 10)
 125   6                    rightnumber += (KeyNum);
 126   6                  break;
 127   6                }
 128   5      
 129   5                if (KeyNum < 10)
 130   5                {
 131   6                  LCD_Write_Char(i, 1, studentid[KeyNum]);
 132   6                  i++;
 133   6                }
 134   5                DelayMs(50);
 135   5              }
 136   4              LCD_Write_String(0, 0, "                ");
 137   4      
 138   4              break;
 139   4            }
 140   3          }
 141   2        }
 142   1      }


MODULE INFORMATION:   STATIC OVERLAYABLE
   CODE SIZE        =    730    ----
   CONSTANT SIZE    =     62    ----
   XDATA SIZE       =   ----    ----
   PDATA SIZE       =   ----    ----
   DATA SIZE        =     10    ----
   IDATA SIZE       =   ----    ----
   BIT SIZE         =   ----    ----
END OF MODULE INFORMATION.


C51 COMPILATION COMPLETE.  0 WARNING(S),  0 ERROR(S)
