C51 COMPILER V9.60.0.0   PWM                                                               06/13/2021 16:01:15 PAGE 1   


C51 COMPILER V9.60.0.0, COMPILATION OF MODULE PWM
OBJECT MODULE PLACED IN .\Objects\pwm.obj
COMPILER INVOKED BY: C:\Keil_v5\C51\BIN\C51.EXE pwm.c OPTIMIZE(8,SPEED) BROWSE DEBUG OBJECTEXTEND PRINT(.\Listings\pwm.l
                    -st) TABS(2) OBJECT(.\Objects\pwm.obj)

line level    source

   1          #include <REGX52.H>
   2          #include "QX_A11.h"
   3          #include "delay.h"
   4          typedef unsigned int u16;
   5          void Timer0Init();
   6          u16 timer1;
   7          float S1,S2,S3;
   8          void pwm1(u16 count)
   9          {
  10   1       if(count>=timer1)
  11   1         IN1=1;
  12   1         else
  13   1         IN1=0;
  14   1      }
  15          void pwm2(u16 count)
  16          {
  17   1       if(count>=timer1)IN2=1;
  18   1         else
  19   1         IN2=0;
  20   1      }
  21          void pwm3(u16 count)
  22          {
  23   1       if(count>=timer1)IN3=1;
  24   1         else
  25   1         IN3=0;
  26   1      }
  27          void pwm4(u16 count)
  28          {
  29   1       if(count>=timer1)IN4=1;
  30   1         else
  31   1         IN4=0;
  32   1      }
  33          
  34          
  35          void Forward()
  36          {
  37   1       pwm1(3);
  38   1       IN2=0;
  39   1       Left_moto_pwm=1;
  40   1       IN3=0;
  41   1       pwm4(3);
  42   1       Right_moto_pwm=1;
  43   1      }
  44          void back()
  45          {
  46   1       IN1=0;
  47   1       pwm2(4);
  48   1       Left_moto_pwm=1;
  49   1       pwm3(4);
  50   1       IN4=0;
  51   1       Right_moto_pwm=1;
  52   1      }
  53          void turnright()
  54          {
C51 COMPILER V9.60.0.0   PWM                                                               06/13/2021 16:01:15 PAGE 2   

  55   1       IN1=0;
  56   1       IN2=0;
  57   1       Left_moto_pwm=0;
  58   1       IN3=0;
  59   1       pwm4(4);
  60   1       Right_moto_pwm=1;
  61   1      }
  62          void turnleft()
  63          {
  64   1       pwm1(4);
  65   1       IN2=0;
  66   1       Left_moto_pwm=1;
  67   1       IN3=0;
  68   1       IN4=0;
  69   1       Right_moto_pwm=0;
  70   1      }
  71          void stop()
  72          {
  73   1       IN1=0;
  74   1       IN2=0;
  75   1       IN3=0;
  76   1       IN4=0;
  77   1      }
  78          
  79          
  80          void Timer0Init()
  81          {
  82   1       TMOD|=0X01;
  83   1       TH0=0XFF;
  84   1       TL0=0X38;
  85   1       ET0=1;
  86   1       EA=1;
  87   1       TR0=1;
  88   1      
  89   1      }
  90          void Time0() interrupt 1
  91          {
  92   1       TH0=0XFF;
  93   1       TL0=0X38;
  94   1       timer1++;
  95   1       if(timer1>100)
  96   1       {
  97   2        timer1=0;
  98   2       }
  99   1      }
 100          void rpwm()
 101          {     /*ÓÒ±ß*/  
 102   1        if(S1<7||S1>1000)
 103   1            {
 104   2            turnleft();
 105   2            DelayMs(60);
 106   2            back();
 107   2            DelayMs(25);
 108   2            stop();
 109   2            }
 110   1           
 111   1      }
 112          void lpwm()
 113          {     /*×ó±ß*/  
 114   1          if(S2<7||S2>1000)
 115   1            {
 116   2            turnright();
C51 COMPILER V9.60.0.0   PWM                                                               06/13/2021 16:01:15 PAGE 3   

 117   2            DelayMs(60);
 118   2            back();
 119   2            DelayMs(25);
 120   2            stop();
 121   2            }
 122   1           
 123   1      }
 124          void bpwm()
 125          {     /*ºó±ß*/  
 126   1        if(S3>5) 
 127   1        {
 128   2        back();
 129   2        DelayMs(60 );
 130   2        stop();
 131   2        }
 132   1        if(S3>1000)
 133   1        {
 134   2        Forward();
 135   2        }                                                                                    
 136   1        while(S1<6.5&&S2<6.5&&S3<5)
 137   1        {
 138   2         stop();
 139   2        }
 140   1      }


MODULE INFORMATION:   STATIC OVERLAYABLE
   CODE SIZE        =    445    ----
   CONSTANT SIZE    =   ----    ----
   XDATA SIZE       =   ----    ----
   PDATA SIZE       =   ----    ----
   DATA SIZE        =     14    ----
   IDATA SIZE       =   ----    ----
   BIT SIZE         =   ----    ----
END OF MODULE INFORMATION.


C51 COMPILATION COMPLETE.  0 WARNING(S),  0 ERROR(S)
