C51 COMPILER V9.54   DISTANCE                                                              05/08/2021 09:46:35 PAGE 1   


C51 COMPILER V9.54, COMPILATION OF MODULE DISTANCE
OBJECT MODULE PLACED IN distance.OBJ
COMPILER INVOKED BY: C:\Program Files (x86)\Keil_v5\C51\BIN\C51.EXE distance.c COMPACT OPTIMIZE(8,SPEED) BROWSE DEBUG OB
                    -JECTEXTEND TABS(2)

line level    source

   1          
   2          #include <reg52.h>
   3          #include <stdio.h>
   4          #include <math.h>
   5          #include "1602.h"
   6          #include "delay.h"
   7          //
   8          //sbit TRIGL = P1 ^ 0;
   9          //sbit ECHOL = P1 ^ 1;
  10          //sbit TRIGB = P1 ^ 2;
  11          //sbit ECHOB = P1 ^ 3;
  12          //sbit TRIGR = P1 ^ 4;
  13          //sbit ECHOR = P1 ^ 5;
  14          sbit TRIGL = P2 ^ 0;
  15          sbit ECHOL = P2 ^ 1;
  16          sbit TRIGB = P2 ^ 2;
  17          sbit ECHOB = P2 ^ 3;
  18          sbit TRIGR = P3 ^ 4;
  19          sbit ECHOR = P3 ^ 5; 
  20          unsigned char DisTempData[7];
  21          float S,arr[9], temp;
  22          /*------------------------------------------------
  23                  ???0???
  24          ------------------------------------------------*/
  25          void TIM1init(void)
  26          {
  27   1      
  28   1      TMOD |= 0x10;//???0????1
  29   1      TH1 = 0x00;
  30   1      TL1 = 0x00;
  31   1      ET1 = 1;
  32   1      EA = 1;
  33   1      }
  34          /*------------------------------------------------
  35                  ???
  36          ------------------------------------------------*/
  37          void distancet(void)
  38          {
  39   1      /*????*/
  40   1      TIM1init();    //??????0
  41   1      LCD_Init();    //???LCD
  42   1      while (1)
  43   1      {
  44   2        
  45   2        int i, j;
  46   2        /*------------------------------------------------
  47   2                前方
  48   2        ------------------------------------------------*/
  49   2        if (1)
  50   2        {
  51   3          /*one*/
  52   3          TRIGR = 1;       //??????????,????10us
  53   3          DelayUs2x(10);
  54   3          TRIGR = 0;
C51 COMPILER V9.54   DISTANCE                                                              05/08/2021 09:46:35 PAGE 2   

  55   3          while (!ECHOR); //?????
  56   3          TR1 = 1;
  57   3          while (ECHOR);  //?????
  58   3          TR1 = 0;
  59   3          S = TH1 * 256 + TL1;//???????8???8???
  60   3          S = S / 58;       //?????58????,  Y?=(X?*344)/2
  61   3          arr[0] = S;      // X?=( 2*Y?)/344 -> X?=0.0058*Y? -> ??=??/58 
  62   3          TH1 = 0;
  63   3          TL1 = 0;        //?????0??????
  64   3            /*two*/
  65   3          TRIGR = 1;       //??????????,????10us
  66   3          DelayUs2x(10);
  67   3          TRIGR = 0;
  68   3          while (!ECHOR); //?????
  69   3          TR1 = 1;
  70   3          while (ECHOR);  //?????
  71   3          TR1 = 0;
  72   3          S = TH1 * 256 + TL1;//???????8???8???
  73   3          S = S / 58;       //?????58????,  Y?=(X?*344)/2
  74   3          arr[1] = S;      // X?=( 2*Y?)/344 -> X?=0.0058*Y? -> ??=??/58 
  75   3          TH1 = 0;
  76   3          TL1 = 0;        //?????0??????
  77   3            /*third*/
  78   3          TRIGR = 1;       //??????????,????10us
  79   3          DelayUs2x(10);
  80   3          TRIGR = 0;
  81   3          while (!ECHOR); //?????
  82   3          TR1 = 1;
  83   3          while (ECHOR);  //?????
  84   3          TR1 = 0;
  85   3          S = TH1 * 256 + TL1;//???????8???8???
  86   3          S = S / 58;       //?????58????,  Y?=(X?*344)/2
  87   3          arr[2] = S;      // X?=( 2*Y?)/344 -> X?=0.0058*Y? -> ??=??/58 
  88   3          TH1 = 0;
  89   3          TL1 = 0;        //?????0??????
  90   3            /*four*/
  91   3          TRIGR = 1;       //??????????,????10us
  92   3          DelayUs2x(10);
  93   3          TRIGR = 0;
  94   3          while (!ECHOR); //?????
  95   3          TR1 = 1;
  96   3          while (ECHOR);  //?????
  97   3          TR1 = 0;
  98   3          S = TH1 * 256 + TL1;//???????8???8???
  99   3          S = S / 58;       //?????58????,  Y?=(X?*344)/2
 100   3          arr[3] = S;      // X?=( 2*Y?)/344 -> X?=0.0058*Y? -> ??=??/58 
 101   3          TH1 = 0;
 102   3          TL1 = 0;        //?????0??????
 103   3            /*five*/
 104   3          TRIGR = 1;       //??????????,????10us
 105   3          DelayUs2x(10);
 106   3          TRIGR = 0;
 107   3          while (!ECHOR); //?????
 108   3          TR1 = 1;
 109   3          while (ECHOR);  //?????
 110   3          TR1 = 0;
 111   3          S = TH1 * 256 + TL1;//???????8???8???
 112   3          S = S / 58;       //?????58????,  Y?=(X?*344)/2
 113   3          arr[4] = S;      // X?=( 2*Y?)/344 -> X?=0.0058*Y? -> ??=??/58 
 114   3          TH1 = 0;
 115   3          TL1 = 0;        //?????0??????
 116   3            /*SIX*/
C51 COMPILER V9.54   DISTANCE                                                              05/08/2021 09:46:35 PAGE 3   

 117   3          TRIGR = 1;       //??????????,????10us
 118   3          DelayUs2x(10);
 119   3          TRIGR = 0;
 120   3          while (!ECHOR); //?????
 121   3          TR1 = 1;
 122   3          while (ECHOR);  //?????
 123   3          TR1 = 0;
 124   3          S = TH1 * 256 + TL1;//???????8???8???
 125   3          S = S / 58;       //?????58????,  Y?=(X?*344)/2
 126   3          arr[5] = S;      // X?=( 2*Y?)/344 -> X?=0.0058*Y? -> ??=??/58 
 127   3          TH1 = 0;
 128   3          TL1 = 0;        //?????0??????
 129   3          /*SEVEN*/
 130   3          TRIGR = 1;       //??????????,????10us
 131   3          DelayUs2x(10);
 132   3          TRIGR = 0;
 133   3          while (!ECHOR); //?????
 134   3          TR1 = 1;
 135   3          while (ECHOR);  //?????
 136   3          TR1 = 0;
 137   3          S = TH1 * 256 + TL1;//???????8???8???
 138   3          S = S / 58;       //?????58????,  Y?=(X?*344)/2
 139   3          arr[6] = S;      // X?=( 2*Y?)/344 -> X?=0.0058*Y? -> ??=??/58 
 140   3          TH1 = 0;
 141   3          TL1 = 0;        //?????0??????
 142   3          /*EIGHT*/
 143   3          TRIGR = 1;       //??????????,????10us
 144   3          DelayUs2x(10);
 145   3          TRIGR = 0;
 146   3          while (!ECHOR); //?????
 147   3          TR1 = 1;
 148   3          while (ECHOR);  //?????
 149   3          TR1 = 0;
 150   3          S = TH1 * 256 + TL1;//???????8???8???
 151   3          S = S / 58;       //?????58????,  Y?=(X?*344)/2
 152   3          arr[7] = S;      // X?=( 2*Y?)/344 -> X?=0.0058*Y? -> ??=??/58 
 153   3          TH1 = 0;
 154   3          TL1 = 0;        //?????0??????
 155   3          /*NINE*/
 156   3          TRIGR = 1;       //??????????,????10us
 157   3          DelayUs2x(10);
 158   3          TRIGR = 0;
 159   3          while (!ECHOR); //?????
 160   3          TR1 = 1;
 161   3          while (ECHOR);  //?????
 162   3          TR1 = 0;
 163   3          S = TH1 * 256 + TL1;//???????8???8???
 164   3          S = S / 58;       //?????58????,  Y?=(X?*344)/2
 165   3          arr[8] = S;      // X?=( 2*Y?)/344 -> X?=0.0058*Y? -> ??=??/58 
 166   3          TH1 = 0;
 167   3          TL1 = 0;        //?????0??????
 168   3          /*TEN*/
 169   3              TRIGR = 1;       //??????????,????10us
 170   3          DelayUs2x(10);
 171   3          TRIGR = 0;
 172   3          while (!ECHOR); //?????
 173   3          TR1 = 1;
 174   3          while (ECHOR);  //?????
 175   3          TR1 = 0;
 176   3          S = TH1 * 256 + TL1;//???????8???8???
 177   3          S = S / 58;       //?????58????,  Y?=(X?*344)/2
 178   3          arr[9] = S;      // X?=( 2*Y?)/344 -> X?=0.0058*Y? -> ??=??/58 
C51 COMPILER V9.54   DISTANCE                                                              05/08/2021 09:46:35 PAGE 4   

 179   3          TH1 = 0;
 180   3          TL1 = 0;        //?????0??????
 181   3          /*try*/
 182   3      
 183   3          for (i = 0; i < 10 - 1; i++)
 184   3            for (j = 0; j < 10 - 1 - i; j++)
 185   3              if (arr[j] > arr[j + 1])
 186   3              {
 187   4                temp = arr[j];
 188   4                arr[j] = arr[j + 1];
 189   4                arr[j + 1] = temp;
 190   4              }
 191   3          /*try*/
 192   3          S = (arr[2] + arr[3] + arr[4]+arr[5]+arr[6]+arr[7]) / 6;
 193   3          sprintf(DisTempData, "R=%6.2f", S);//??????
 194   3          LCD_Write_String(0, 1, DisTempData);       //???????
 195   3          DelayMs(500);
 196   3        }
 197   2        /*------------------------------------------------
 198   2                左方
 199   2        ------------------------------------------------*/
 200   2        if (1)
 201   2        {
 202   3          /*one*/
 203   3          TRIGL = 1;      //??????????,????10us
 204   3          DelayUs2x(10);
 205   3          TRIGL = 0;
 206   3          while (!ECHOL); //?????
 207   3          TR1 = 1;
 208   3          while (ECHOL);  //?????
 209   3          TR1 = 0;
 210   3          S = TH1 * 256 + TL1;//???????8???8???
 211   3          S = S / 58;       //?????58????,  Y?=(X?*344)/2
 212   3          arr[0] = S;      // X?=( 2*Y?)/344 -> X?=0.0058*Y? -> ??=??/58 
 213   3          TH1 = 0;
 214   3          TL1 = 0;        //?????0??????
 215   3            /*two*/
 216   3          TRIGL = 1;       //??????????,????10us
 217   3          DelayUs2x(10);
 218   3          TRIGL = 0;
 219   3          while (!ECHOL); //?????
 220   3          TR1 = 1;
 221   3          while (ECHOL);  //?????
 222   3          TR1 = 0;
 223   3          S = TH1 * 256 + TL1;//???????8???8???
 224   3          S = S / 58;       //?????58????,  Y?=(X?*344)/2
 225   3          arr[1] = S;      // X?=( 2*Y?)/344 -> X?=0.0058*Y? -> ??=??/58 
 226   3          TH1 = 0;
 227   3          TL1 = 0;        //?????0??????
 228   3            /*third*/
 229   3          TRIGL = 1;       //??????????,????10us
 230   3          DelayUs2x(10);
 231   3          TRIGL = 0;
 232   3          while (!ECHOL); //?????
 233   3          TR1 = 1;
 234   3          while (ECHOL);  //?????
 235   3          TR1 = 0;
 236   3          S = TH1 * 256 + TL1;//???????8???8???
 237   3          S = S / 58;       //?????58????,  Y?=(X?*344)/2
 238   3          arr[2] = S;      // X?=( 2*Y?)/344 -> X?=0.0058*Y? -> ??=??/58 
 239   3          TH1 = 0;
 240   3          TL1 = 0;        //?????0??????
C51 COMPILER V9.54   DISTANCE                                                              05/08/2021 09:46:35 PAGE 5   

 241   3            /*four*/
 242   3          TRIGL = 1;       //??????????,????10us
 243   3          DelayUs2x(10);
 244   3          TRIGL = 0;
 245   3          while (!ECHOL); //?????
 246   3          TR1 = 1;
 247   3          while (ECHOL);  //?????
 248   3          TR1 = 0;
 249   3          S = TH1 * 256 + TL1;//???????8???8???
 250   3          S = S / 58;       //?????58????,  Y?=(X?*344)/2
 251   3          arr[3] = S;      // X?=( 2*Y?)/344 -> X?=0.0058*Y? -> ??=??/58 
 252   3          TH1 = 0;
 253   3          TL1 = 0;        //?????0??????
 254   3            /*five*/
 255   3          TRIGL = 1;       //??????????,????10us
 256   3          DelayUs2x(10);
 257   3          TRIGL = 0;
 258   3          while (!ECHOL); //?????
 259   3          TR1 = 1;
 260   3          while (ECHOL);  //?????
 261   3          TR1 = 0;
 262   3          S = TH1 * 256 + TL1;//???????8???8???
 263   3          S = S / 58;       //?????58????,  Y?=(X?*344)/2
 264   3          arr[4] = S;      // X?=( 2*Y?)/344 -> X?=0.0058*Y? -> ??=??/58 
 265   3          TH1 = 0;
 266   3          TL1 = 0;        //?????0??????
 267   3          /*SIX*/
 268   3          TRIGL = 1;       //??????????,????10us
 269   3          DelayUs2x(10);
 270   3          TRIGL = 0;
 271   3          while (!ECHOL); //?????
 272   3          TR1 = 1;
 273   3          while (ECHOL);  //?????
 274   3          TR1 = 0;
 275   3          S = TH1 * 256 + TL1;//???????8???8???
 276   3          S = S / 58;       //?????58????,  Y?=(X?*344)/2
 277   3          arr[5] = S;      // X?=( 2*Y?)/344 -> X?=0.0058*Y? -> ??=??/58 
 278   3          TH1 = 0;
 279   3          TL1 = 0;        //?????0??????
 280   3          /*SEVEN*/
 281   3          TRIGL = 1;       //??????????,????10us
 282   3          DelayUs2x(10);
 283   3          TRIGL = 0;
 284   3          while (!ECHOL); //?????
 285   3          TR1 = 1;
 286   3          while (ECHOL);  //?????
 287   3          TR1 = 0;
 288   3          S = TH1 * 256 + TL1;//???????8???8???
 289   3          S = S / 58;       //?????58????,  Y?=(X?*344)/2
 290   3          arr[6] = S;      // X?=( 2*Y?)/344 -> X?=0.0058*Y? -> ??=??/58 
 291   3          TH1 = 0;
 292   3          TL1 = 0;        //?????0??????
 293   3          /*EIGHT*/
 294   3          TRIGL = 1;       //??????????,????10us
 295   3          DelayUs2x(10);
 296   3          TRIGL = 0;
 297   3          while (!ECHOL); //?????
 298   3          TR1 = 1;
 299   3          while (ECHOL);  //?????
 300   3          TR1 = 0;
 301   3          S = TH1 * 256 + TL1;//???????8???8???
 302   3          S = S / 58;       //?????58????,  Y?=(X?*344)/2
C51 COMPILER V9.54   DISTANCE                                                              05/08/2021 09:46:35 PAGE 6   

 303   3          arr[7] = S;      // X?=( 2*Y?)/344 -> X?=0.0058*Y? -> ??=??/58 
 304   3          TH1 = 0;
 305   3          TL1 = 0;        //?????0??????
 306   3          /*NINE*/
 307   3          TRIGL = 1;       //??????????,????10us
 308   3          DelayUs2x(10);
 309   3          TRIGL = 0;
 310   3          while (!ECHOL); //?????
 311   3          TR1 = 1;
 312   3          while (ECHOL);  //?????
 313   3          TR1 = 0;
 314   3          S = TH1 * 256 + TL1;//???????8???8???
 315   3          S = S / 58;       //?????58????,  Y?=(X?*344)/2
 316   3          arr[8] = S;      // X?=( 2*Y?)/344 -> X?=0.0058*Y? -> ??=??/58 
 317   3          TH1 = 0;
 318   3          TL1 = 0;        //?????0??????
 319   3          /*TEN*/
 320   3              TRIGL = 1;       //??????????,????10us
 321   3          DelayUs2x(10);
 322   3          TRIGL = 0;
 323   3          while (!ECHOL); //?????
 324   3          TR1 = 1;
 325   3          while (ECHOL);  //?????
 326   3          TR1 = 0;
 327   3          S = TH1 * 256 + TL1;//???????8???8???
 328   3          S = S / 58;       //?????58????,  Y?=(X?*344)/2
 329   3          arr[9] = S;      // X?=( 2*Y?)/344 -> X?=0.0058*Y? -> ??=??/58 
 330   3          TH1 = 0;
 331   3          TL1 = 0;        //?????0??????
 332   3          /*try*/
 333   3          for (i = 0; i < 10 - 1; i++)
 334   3            for (j = 0; j < 10 - 1 - i; j++)
 335   3              if (arr[j] > arr[j + 1])
 336   3              {
 337   4                temp = arr[j];
 338   4                arr[j] = arr[j + 1];
 339   4                arr[j + 1] = temp;
 340   4              }
 341   3          /*try*/
 342   3          S = (arr[2] + arr[3] + arr[4]+arr[5]+arr[6]+arr[7]) / 6;
 343   3          sprintf(DisTempData, "L=%6.2f", S);//??????
 344   3          LCD_Write_String(4, 0, DisTempData);       //???????
 345   3          DelayMs(1000);
 346   3        }
 347   2        /*------------------------------------------------
 348   2                后方
 349   2        ------------------------------------------------*/
 350   2        if (1)
 351   2        {
 352   3          TRIGB = 1;      //??????????,????10us
 353   3          DelayUs2x(10);
 354   3          TRIGB = 0;
 355   3          while (!ECHOB); //?????
 356   3          TR1 = 1;
 357   3          while (ECHOB);  //?????
 358   3          TR1 = 0;
 359   3          S = TH1 * 256 + TL1;//???????8???8???
 360   3          S = S / 58;       //?????58????,  Y?=(X?*344)/2
 361   3          arr[0] = S;      // X?=( 2*Y?)/344 -> X?=0.0058*Y? -> ??=??/58 
 362   3          TH1 = 0;
 363   3          TL1 = 0;        //?????0??????
 364   3            /*two*/
C51 COMPILER V9.54   DISTANCE                                                              05/08/2021 09:46:35 PAGE 7   

 365   3          TRIGB = 1;       //??????????,????10us
 366   3          DelayUs2x(10);
 367   3          TRIGB = 0;
 368   3          while (!ECHOB); //?????
 369   3          TR1 = 1;
 370   3          while (ECHOB);  //?????
 371   3          TR1 = 0;
 372   3          S = TH1 * 256 + TL1;//???????8???8???
 373   3          S = S / 58;       //?????58????,  Y?=(X?*344)/2
 374   3          arr[1] = S;      // X?=( 2*Y?)/344 -> X?=0.0058*Y? -> ??=??/58 
 375   3          TH1 = 0;
 376   3          TL1 = 0;        //?????0??????
 377   3            /*third*/
 378   3          TRIGB = 1;       //??????????,????10us
 379   3          DelayUs2x(10);
 380   3          TRIGB = 0;
 381   3          while (!ECHOB); //?????
 382   3          TR1 = 1;
 383   3          while (ECHOB);  //?????
 384   3          TR1 = 0;
 385   3          S = TH1 * 256 + TL1;//???????8???8???
 386   3          S = S / 58;       //?????58????,  Y?=(X?*344)/2
 387   3          arr[2] = S;      // X?=( 2*Y?)/344 -> X?=0.0058*Y? -> ??=??/58 
 388   3          TH1 = 0;
 389   3          TL1 = 0;        //?????0??????
 390   3            /*four*/
 391   3          TRIGB = 1;       //??????????,????10us
 392   3          DelayUs2x(10);
 393   3          TRIGB = 0;
 394   3          while (!ECHOB); //?????
 395   3          TR1 = 1;
 396   3          while (ECHOB);  //?????
 397   3          TR1 = 0;
 398   3          S = TH1 * 256 + TL1;//???????8???8???
 399   3          S = S / 58;       //?????58????,  Y?=(X?*344)/2
 400   3          arr[3] = S;      // X?=( 2*Y?)/344 -> X?=0.0058*Y? -> ??=??/58 
 401   3          TH1 = 0;
 402   3          TL1 = 0;        //?????0??????
 403   3            /*five*/
 404   3          TRIGB = 1;       //??????????,????10us
 405   3          DelayUs2x(10);
 406   3          TRIGB = 0;
 407   3          while (!ECHOB); //?????
 408   3          TR1 = 1;
 409   3          while (ECHOB);  //?????
 410   3          TR1 = 0;
 411   3          S = TH1 * 256 + TL1;//???????8???8???
 412   3          S = S / 58;       //?????58????,  Y?=(X?*344)/2
 413   3          arr[4] = S;      // X?=( 2*Y?)/344 -> X?=0.0058*Y? -> ??=??/58 
 414   3          TH1 = 0;
 415   3          TL1 = 0;        //?????0??????
 416   3              /*SIX*/
 417   3          TRIGB = 1;       //??????????,????10us
 418   3          DelayUs2x(10);
 419   3          TRIGB = 0;
 420   3          while (!ECHOB); //?????
 421   3          TR1 = 1;
 422   3          while (ECHOB);  //?????
 423   3          TR1 = 0;
 424   3          S = TH1 * 256 + TL1;//???????8???8???
 425   3          S = S / 58;       //?????58????,  Y?=(X?*344)/2
 426   3          arr[5] = S;      // X?=( 2*Y?)/344 -> X?=0.0058*Y? -> ??=??/58 
C51 COMPILER V9.54   DISTANCE                                                              05/08/2021 09:46:35 PAGE 8   

 427   3          TH1 = 0;
 428   3          TL1 = 0;        //?????0??????
 429   3          /*SEVEN*/
 430   3          TRIGB = 1;       //??????????,????10us
 431   3          DelayUs2x(10);
 432   3          TRIGB = 0;
 433   3          while (!ECHOB); //?????
 434   3          TR1 = 1;
 435   3          while (ECHOB);  //?????
 436   3          TR1 = 0;
 437   3          S = TH1 * 256 + TL1;//???????8???8???
 438   3          S = S / 58;       //?????58????,  Y?=(X?*344)/2
 439   3          arr[6] = S;      // X?=( 2*Y?)/344 -> X?=0.0058*Y? -> ??=??/58 
 440   3          TH1 = 0;
 441   3          TL1 = 0;        //?????0??????
 442   3          /*EIGHT*/
 443   3          TRIGB = 1;       //??????????,????10us
 444   3          DelayUs2x(10);
 445   3          TRIGB = 0;
 446   3          while (!ECHOB); //?????
 447   3          TR1 = 1;
 448   3          while (ECHOB);  //?????
 449   3          TR1 = 0;
 450   3          S = TH1 * 256 + TL1;//???????8???8???
 451   3          S = S / 58;       //?????58????,  Y?=(X?*344)/2
 452   3          arr[7] = S;      // X?=( 2*Y?)/344 -> X?=0.0058*Y? -> ??=??/58 
 453   3          TH1 = 0;
 454   3          TL1 = 0;        //?????0??????
 455   3          /*NINE*/
 456   3          TRIGB = 1;       //??????????,????10us
 457   3          DelayUs2x(10);
 458   3          TRIGB = 0;
 459   3          while (!ECHOB); //?????
 460   3          TR1 = 1;
 461   3          while (ECHOB);  //?????
 462   3          TR1 = 0;
 463   3          S = TH1 * 256 + TL1;//???????8???8???
 464   3          S = S / 58;       //?????58????,  Y?=(X?*344)/2
 465   3          arr[8] = S;      // X?=( 2*Y?)/344 -> X?=0.0058*Y? -> ??=??/58 
 466   3          TH1 = 0;
 467   3          TL1 = 0;        //?????0??????
 468   3          /*TEN*/
 469   3          TRIGB = 1;       //??????????,????10us
 470   3          DelayUs2x(10);
 471   3          TRIGB = 0;
 472   3          while (!ECHOB); //?????
 473   3          TR1 = 1;
 474   3          while (ECHOB);  //?????
 475   3          TR1 = 0;
 476   3          S = TH1 * 256 + TL1;//???????8???8???
 477   3          S = S / 58;       //?????58????,  Y?=(X?*344)/2
 478   3          arr[9] = S;      // X?=( 2*Y?)/344 -> X?=0.0058*Y? -> ??=??/58 
 479   3          TH1 = 0;
 480   3          TL1 = 0;        //?????0??????
 481   3          /*try*/
 482   3          for (i = 0; i < 10 - 1; i++)
 483   3            for (j = 0; j < 10 - 1 - i; j++)
 484   3              if (arr[j] > arr[j + 1])
 485   3              {
 486   4                temp = arr[j];
 487   4                arr[j] = arr[j + 1];
 488   4                arr[j + 1] = temp;
C51 COMPILER V9.54   DISTANCE                                                              05/08/2021 09:46:35 PAGE 9   

 489   4              }
 490   3          /*try*/
 491   3          S = (arr[2] + arr[3] + arr[4]+arr[5]+arr[6]+arr[7]) / 6;
 492   3          sprintf(DisTempData, "B=%6.2f", S);//??????
 493   3          LCD_Write_String(8, 1, DisTempData);       //???????
 494   3          DelayMs(1000);
 495   3        }
 496   2      }
 497   1      }
 498          
 499          
 500          /*------------------------------------------------
 501                 ????????
 502          ------------------------------------------------*/
 503          void Timer0_isr(void) interrupt 2
 504          {
 505   1      ECHOL = 0;
 506   1      ECHOB = 0;
 507   1      ECHOR = 0;
 508   1      }


MODULE INFORMATION:   STATIC OVERLAYABLE
   CODE SIZE        =   3995    ----
   CONSTANT SIZE    =     24    ----
   XDATA SIZE       =   ----    ----
   PDATA SIZE       =     51       4
   DATA SIZE        =   ----    ----
   IDATA SIZE       =   ----    ----
   BIT SIZE         =   ----    ----
END OF MODULE INFORMATION.


C51 COMPILATION COMPLETE.  0 WARNING(S),  0 ERROR(S)
