C51 COMPILER V9.54   AT24C02                                                               05/17/2021 08:48:53 PAGE 1   


C51 COMPILER V9.54, COMPILATION OF MODULE AT24C02
OBJECT MODULE PLACED IN .\Objects\at24c02.obj
COMPILER INVOKED BY: C:\Program Files (x86)\Keil_v5\C51\BIN\C51.EXE at24c02.c OPTIMIZE(8,SPEED) BROWSE DEBUG OBJECTEXTEN
                    -D PRINT(.\Listings\at24c02.lst) TABS(2) OBJECT(.\Objects\at24c02.obj)

line level    source

   1          #include <reg52.h>          //??????
   2          #include <intrins.h>
   3          #include "delay.h"
   4          #define  _Nop()  _nop_()       
   5          
   6          
   7                                                        
   8          sbit SDA=P3^1;            //??I2C?????
   9          sbit SCL=P3^0;            //??I2C?????
  10          
  11                                    
  12          bit ack;                //?????
  13             
  14          
  15          
  16          
  17          /*------------------------------------------------
  18                              ????
  19          ------------------------------------------------*/
  20          void Start_I2c()
  21          {
  22   1        SDA=1;   //???????????
  23   1        _Nop();
  24   1        SCL=1;
  25   1        _Nop();    //??????????4.7us,??
  26   1        _Nop();
  27   1        _Nop();
  28   1        _Nop();
  29   1        _Nop();    
  30   1        SDA=0;     //??????
  31   1        _Nop();    //??????????4?
  32   1        _Nop();
  33   1        _Nop();
  34   1        _Nop();
  35   1        _Nop();       
  36   1        SCL=0;    //??I2C??,?????????
  37   1        _Nop();
  38   1        _Nop();
  39   1      }
  40          /*------------------------------------------------
  41                              ????
  42          ------------------------------------------------*/
  43          void Stop_I2c()
  44          {
  45   1        SDA=0;    //???????????
  46   1        _Nop();   //???????????
  47   1        SCL=1;    //??????????4?
  48   1        _Nop();
  49   1        _Nop();
  50   1        _Nop();
  51   1        _Nop();
  52   1        _Nop();
  53   1        SDA=1;    //??I2C??????
  54   1        _Nop();
C51 COMPILER V9.54   AT24C02                                                               05/17/2021 08:48:53 PAGE 2   

  55   1        _Nop();
  56   1        _Nop();
  57   1        _Nop();
  58   1      }
  59          
  60          
  61          
  62          
  63          
  64          void  SendByte(unsigned char c)
  65          {
  66   1       unsigned char BitCnt;
  67   1       
  68   1       for(BitCnt=0;BitCnt<8;BitCnt++)  //?????????8?
  69   1          {
  70   2           if((c<<BitCnt)&0x80)SDA=1;   //?????
  71   2             else  SDA=0;                
  72   2           _Nop();
  73   2           SCL=1;               //??????,????????????
  74   2            _Nop(); 
  75   2            _Nop();             //???????????4?
  76   2            _Nop();
  77   2            _Nop();
  78   2            _Nop();         
  79   2           SCL=0; 
  80   2          }
  81   1          
  82   1          _Nop();
  83   1          _Nop();
  84   1          SDA=1;               //8??????????,???????
  85   1          _Nop();
  86   1          _Nop();   
  87   1          SCL=1;
  88   1          _Nop();
  89   1          _Nop();
  90   1          _Nop();
  91   1          if(SDA==1)ack=0;     
  92   1             else ack=1;        //???????????
  93   1          SCL=0;
  94   1          _Nop();
  95   1          _Nop();
  96   1      }
  97          
  98          
  99          
 100          
 101          
 102          
 103          
 104          
 105          unsigned char  RcvByte()
 106          {
 107   1        unsigned char retc;
 108   1        unsigned char BitCnt;
 109   1        
 110   1        retc=0; 
 111   1        SDA=1;             //?????????
 112   1        for(BitCnt=0;BitCnt<8;BitCnt++)
 113   1            {
 114   2              _Nop();           
 115   2              SCL=0;       //??????,???????
 116   2              _Nop();
C51 COMPILER V9.54   AT24C02                                                               05/17/2021 08:48:53 PAGE 3   

 117   2              _Nop();      //?????????4.7us
 118   2              _Nop();
 119   2              _Nop();
 120   2              _Nop();
 121   2              SCL=1;       //???????????????
 122   2              _Nop();
 123   2              _Nop();
 124   2              retc=retc<<1;
 125   2              if(SDA==1)retc=retc+1; //????,????????retc?
 126   2              _Nop();
 127   2              _Nop(); 
 128   2            }
 129   1        SCL=0;    
 130   1        _Nop();
 131   1        _Nop();
 132   1        return(retc);
 133   1      }
 134          
 135          
 136          
 137          void Ack_I2c(void)
 138          {
 139   1        
 140   1        SDA=0;     
 141   1        _Nop();
 142   1        _Nop();
 143   1        _Nop();      
 144   1        SCL=1;
 145   1        _Nop();
 146   1        _Nop();              //?????????4?
 147   1        _Nop();
 148   1        _Nop();
 149   1        _Nop();  
 150   1        SCL=0;               //????,??I2C????????
 151   1        _Nop();
 152   1        _Nop();    
 153   1      }
 154          
 155          void NoAck_I2c(void)
 156          {
 157   1        
 158   1        SDA=1;
 159   1        _Nop();
 160   1        _Nop();
 161   1        _Nop();      
 162   1        SCL=1;
 163   1        _Nop();
 164   1        _Nop();              //?????????4?
 165   1        _Nop();
 166   1        _Nop();
 167   1        _Nop();  
 168   1        SCL=0;                //????,??I2C????????
 169   1        _Nop();
 170   1        _Nop();    
 171   1      }
 172          
 173          
 174          
 175          
 176          
 177          
 178          
C51 COMPILER V9.54   AT24C02                                                               05/17/2021 08:48:53 PAGE 4   

 179          bit ISendStr(unsigned char sla,unsigned char suba,unsigned char *s,unsigned char no)
 180          {
 181   1         unsigned char i;
 182   1      
 183   1         Start_I2c();               //????
 184   1         SendByte(sla);             //??????
 185   1           if(ack==0)return(0);
 186   1         SendByte(suba);            //???????
 187   1           if(ack==0)return(0);
 188   1      
 189   1         for(i=0;i<no;i++)
 190   1          {   
 191   2           SendByte(*s);            //????
 192   2             if(ack==0)return(0);
 193   2           s++;
 194   2          } 
 195   1       Stop_I2c();                  //????
 196   1        return(1);
 197   1      }
 198          
 199          
 200          bit IRcvStr(unsigned char sla,unsigned char suba,unsigned char *s,unsigned char no)
 201          {
 202   1         unsigned char i;
 203   1      
 204   1         Start_I2c();               //????
 205   1         SendByte(sla);             //??????
 206   1           if(ack==0)return(0);
 207   1         SendByte(suba);            //???????
 208   1           if(ack==0)return(0);
 209   1      
 210   1         Start_I2c();
 211   1         SendByte(sla+1);
 212   1            if(ack==0)return(0);
 213   1      
 214   1         for(i=0;i<no-1;i++)
 215   1          {   
 216   2           *s=RcvByte();              //????
 217   2            Ack_I2c();                //????? 
 218   2           s++;
 219   2          } 
 220   1         *s=RcvByte();
 221   1          NoAck_I2c();                 //?????
 222   1         Stop_I2c();                    //????
 223   1        return(1);
 224   1      }


MODULE INFORMATION:   STATIC OVERLAYABLE
   CODE SIZE        =    310    ----
   CONSTANT SIZE    =   ----    ----
   XDATA SIZE       =   ----    ----
   PDATA SIZE       =   ----    ----
   DATA SIZE        =   ----      12
   IDATA SIZE       =   ----    ----
   BIT SIZE         =      1    ----
END OF MODULE INFORMATION.


C51 COMPILATION COMPLETE.  0 WARNING(S),  0 ERROR(S)
