C51 COMPILER V9.54   IIC1602                                                               05/23/2021 22:57:55 PAGE 1   


C51 COMPILER V9.54, COMPILATION OF MODULE IIC1602
OBJECT MODULE PLACED IN .\Objects\iic1602.obj
COMPILER INVOKED BY: C:\Program Files (x86)\Keil_v5\C51\BIN\C51.EXE iic1602.c OPTIMIZE(8,SPEED) BROWSE DEBUG OBJECTEXTEN
                    -D PRINT(.\Listings\iic1602.lst) TABS(2) OBJECT(.\Objects\iic1602.obj)

line level    source

   1          #include "reg51.h"
   2          #include "delay.h"
   3          #include "string.h"
   4          
   5          /*****ÉùÃ÷******/
   6          sbit SCL=P2^0;
   7          sbit SDA=P2^1;
   8          void write_data(unsigned char DData);
   9          /*****¶¨Òå******/
  10          void I2cStart(void)
  11          {
  12   1        SDA = 1;
  13   1        DelayUs2x(1);
  14   1        SCL = 1;
  15   1        DelayUs2x(1);
  16   1        SDA = 0;
  17   1        DelayUs2x(1);
  18   1        SCL = 0;
  19   1        DelayUs2x(1);
  20   1      }
  21          
  22          void I2cStop(void)
  23          {
  24   1        SDA = 0;
  25   1        DelayUs2x(1);
  26   1        SCL = 1;
  27   1        DelayUs2x(1);
  28   1        SDA = 1;
  29   1        DelayUs2x(1);
  30   1      }
  31          
  32          unsigned char I2cSendByte(unsigned char dat)
  33          {
  34   1        unsigned char a = 0, b = 0;
  35   1        for (a = 0; a < 8; a++)
  36   1        {
  37   2          SDA = dat >> 7;
  38   2          dat = dat << 1;
  39   2          DelayUs2x(1);
  40   2          SCL = 1;
  41   2          DelayUs2x(1);
  42   2          SCL = 0;
  43   2          DelayUs2x(1);
  44   2        }
  45   1        SDA = 1;
  46   1        DelayUs2x(1);
  47   1        SCL = 1;
  48   1        while (SDA)
  49   1        {
  50   2          b++;
  51   2          if (b > 200)
  52   2          {
  53   3            SCL = 0;
  54   3            DelayUs2x(1);
C51 COMPILER V9.54   IIC1602                                                               05/23/2021 22:57:55 PAGE 2   

  55   3            return 0;
  56   3          }
  57   2        }
  58   1        SCL = 0;
  59   1        DelayUs2x(1);
  60   1        return 1;
  61   1      }
  62          
  63          
  64          
  65          void write_cmd(unsigned char cmd)
  66          {
  67   1        I2cStart();
  68   1        I2cSendByte(0x7c);
  69   1        I2cSendByte(0x80);
  70   1        I2cSendByte(cmd);
  71   1        I2cStop();
  72   1      }
  73          
  74          void LCD_Init(void)
  75          {
  76   1        write_cmd(0X38);
  77   1        write_cmd(0x0c);
  78   1        write_cmd(0x01);
  79   1        DelayMs(2);
  80   1      }
  81          
  82          void LCD_Write_Char(unsigned char X, unsigned char Y, unsigned char DData)
  83          {
  84   1        Y &= 0x1;
  85   1        X &= 0xF;
  86   1        if (Y)
  87   1          X |= 0x40;
  88   1        X |= 0x80;
  89   1        write_cmd(X);
  90   1        write_data(DData);
  91   1      }
  92          
  93          void write_data(unsigned char DData)
  94          {
  95   1        I2cStart();
  96   1        I2cSendByte(0x7c);
  97   1        I2cSendByte(DData);
  98   1        I2cSendByte(0x40);
  99   1        I2cSendByte(DData);
 100   1        I2cStop();
 101   1      }
 102          
 103          void LCD_Write_String(unsigned char X, unsigned char Y, unsigned char* Arry)
 104          {
 105   1        unsigned int i;
 106   1        unsigned int length1 = strlen(Arry);
 107   1      
 108   1        for (i = 0; i < length1; i++)
 109   1        {
 110   2          LCD_Write_Char(X, Y, Arry[i]);
 111   2          X++;
 112   2          if (X > 16)
 113   2          {
 114   3            Y += 1;
 115   3            X = 0;
 116   3          }
C51 COMPILER V9.54   IIC1602                                                               05/23/2021 22:57:55 PAGE 3   

 117   2        }
 118   1      }
 119          


MODULE INFORMATION:   STATIC OVERLAYABLE
   CODE SIZE        =    322    ----
   CONSTANT SIZE    =   ----    ----
   XDATA SIZE       =   ----    ----
   PDATA SIZE       =   ----    ----
   DATA SIZE        =   ----      15
   IDATA SIZE       =   ----    ----
   BIT SIZE         =   ----    ----
END OF MODULE INFORMATION.


C51 COMPILATION COMPLETE.  0 WARNING(S),  0 ERROR(S)
