C51 COMPILER V9.60.0.0   KEYDOUS                                                           07/01/2021 00:48:08 PAGE 1   


C51 COMPILER V9.60.0.0, COMPILATION OF MODULE KEYDOUS
OBJECT MODULE PLACED IN .\Objects\keydous.obj
COMPILER INVOKED BY: D:\Program Files\tools\Keil_v5\C51\BIN\C51.EXE keydous.c OPTIMIZE(8,SPEED) BROWSE DEBUG OBJECTEXTEN
                    -D PRINT(.\Listings\keydous.lst) TABS(2) OBJECT(.\Objects\keydous.obj)

line level    source

   1          #include <reg52.h>
   2          #include "1602.h"
   3          #include "delay.h"
   4          #include "string.h"
   5          #include "MatrixKey.h"
   6          
   7          int leftnumber=0, backnumber=0, rightnumber=0;
   8          unsigned char code studentid[] = "0123456789";
   9          unsigned int KeyNum;
  10          extern int i, j, k = 0;
  11          void  keydous()
  12          {
  13   1      #if 0
                /*------------------------------------------------
                    at24c02¥Ê»°
                ------------------------------------------------*/
              
                if (KeyNum == 11)
                {
                  ISendStr(0xA0, 0, leftnumber, 4);
                  ISendStr(0xA0, 4, backnumber, 4);
                  ISendStr(0xA0, 8, rightnumber, 4);
                }
                if (KeyNum == 12)
                {
                  IRcvStr(0xA0, 0, leftnumber, 4);
                  IRcvStr(0xA0, 4, backnumber, 4);
                  IRcvStr(0xA0, 8, rightnumber, 4);
                  k = 4;
                }
              #endif
  32   1        /*------------------------------------------------
  33   1            ∑‰√˘∆˜æØΩ‰÷µ ‰»Î
  34   1        ------------------------------------------------*/
  35   1        while (k < 3)
  36   1        {
  37   2          if (k == 0)
  38   2          {
  39   3            LCD_Write_String(0, 1, " L___ B___ R___ ");
  40   3          }
  41   2          LCD_Write_String(0, 0, "   input dist   ");
  42   2          KeyNum = MatrixKey();
  43   2          if (KeyNum == 13)
  44   2          {
  45   3            if(k==4)
  46   3            {
  47   4            k=0;
  48   4            }
  49   3            k++;
  50   3            switch (k)
  51   3            {
  52   4            case 1:
  53   4              for (i = 2; i < 5;)
  54   4              {
C51 COMPILER V9.60.0.0   KEYDOUS                                                           07/01/2021 00:48:08 PAGE 2   

  55   5                KeyNum = MatrixKey();
  56   5                switch (i)
  57   5                {
  58   6                case 2:if (KeyNum >= 0 && KeyNum < 10)leftnumber += (KeyNum * 100); break;
  59   6                case 3: if (KeyNum >= 0 && KeyNum < 10)leftnumber += (KeyNum * 10); break;
  60   6                case 4: if (KeyNum >= 0 && KeyNum < 10)leftnumber += (KeyNum); break;
  61   6                }
  62   5      
  63   5                if (KeyNum < 10)
  64   5                {
  65   6                  LCD_Write_Char(i, 1, studentid[KeyNum]);
  66   6                  i++;
  67   6                }
  68   5                DelayMs(50);
  69   5              }
  70   4              break;
  71   4      
  72   4            case 2:
  73   4              for (i = 7; i < 10; )
  74   4              {
  75   5                KeyNum = MatrixKey();
  76   5                switch (i)
  77   5                {
  78   6                case 7: if (KeyNum >= 0 && KeyNum < 10)backnumber += (KeyNum * 100); break;
  79   6                case 8: if (KeyNum >= 0 && KeyNum < 10)backnumber += (KeyNum * 10); break;
  80   6                case 9: if (KeyNum >= 0 && KeyNum < 10)backnumber += (KeyNum); break;
  81   6                }
  82   5                if (KeyNum < 10)
  83   5                {
  84   6                  LCD_Write_Char(i, 1, studentid[KeyNum]);
  85   6                  i++;
  86   6                }
  87   5                DelayMs(50);
  88   5              }
  89   4              break;
  90   4            case 3:
  91   4              k = 4;
  92   4              for (i = 12; i < 15; )
  93   4              {
  94   5                KeyNum = MatrixKey();
  95   5                switch (i)
  96   5                {
  97   6                case 12: if (KeyNum >= 0 && KeyNum < 10)rightnumber += (KeyNum * 100); break;
  98   6                case 13: if (KeyNum >= 0 && KeyNum < 10)rightnumber += (KeyNum * 10); break;
  99   6                case 14: if (KeyNum >= 0 && KeyNum < 10)rightnumber += (KeyNum); break;
 100   6                }
 101   5      
 102   5                if (KeyNum < 10)
 103   5                {
 104   6                  LCD_Write_Char(i, 1, studentid[KeyNum]);
 105   6                  i++;
 106   6                }
 107   5                DelayMs(50);
 108   5              }
 109   4              LCD_Write_String(0, 0, "                ");
 110   4      
 111   4              break;
 112   4      
 113   4            }
 114   3          }
 115   2      
 116   2        }
C51 COMPILER V9.60.0.0   KEYDOUS                                                           07/01/2021 00:48:08 PAGE 3   

 117   1      
 118   1      }


MODULE INFORMATION:   STATIC OVERLAYABLE
   CODE SIZE        =    688    ----
   CONSTANT SIZE    =     62    ----
   XDATA SIZE       =   ----    ----
   PDATA SIZE       =   ----    ----
   DATA SIZE        =     10    ----
   IDATA SIZE       =   ----    ----
   BIT SIZE         =   ----    ----
END OF MODULE INFORMATION.


C51 COMPILATION COMPLETE.  0 WARNING(S),  0 ERROR(S)
