C51 COMPILER V9.60.0.0   MAIN                                                              06/14/2021 13:31:17 PAGE 1   


C51 COMPILER V9.60.0.0, COMPILATION OF MODULE MAIN
OBJECT MODULE PLACED IN .\Objects\main.obj
COMPILER INVOKED BY: C:\Keil_v5\C51\BIN\C51.EXE main.c OPTIMIZE(8,SPEED) BROWSE DEBUG OBJECTEXTEND PRINT(.\Listings\main
                    -.lst) TABS(2) OBJECT(.\Objects\main.obj)

line level    source

   1          #include <reg52.h>
   2          #include "conf.h"
   3          /*------------------------------------------------
   4                  主函数
   5          ------------------------------------------------*/
   6          void main()
   7          { 
   8   1        int leftnumber=0, backnumber=0, rightnumber=0;
   9   1        Timer0Init();/*pwm电机控制*/
  10   1        LCD_Init();  /*1602初始化*/
  11   1        TIM1init();  /*・超声波定时器1初始化*/
  12   1        while (1)
  13   1        {
  14   2          keydous();
  15   2          hcsr04();
  16   2        }
  17   1      }


MODULE INFORMATION:   STATIC OVERLAYABLE
   CODE SIZE        =     30    ----
   CONSTANT SIZE    =   ----    ----
   XDATA SIZE       =   ----    ----
   PDATA SIZE       =   ----    ----
   DATA SIZE        =   ----       6
   IDATA SIZE       =   ----    ----
   BIT SIZE         =   ----    ----
END OF MODULE INFORMATION.


C51 COMPILATION COMPLETE.  0 WARNING(S),  0 ERROR(S)
